0 info it worked if it ends with ok
1 verbose cli [ 'C:\\Program Files\\nodejs\\node.exe',
1 verbose cli   'C:\\Users\\exialym\\AppData\\Roaming\\npm\\node_modules\\npm\\bin\\npm-cli.js',
1 verbose cli   'run',
1 verbose cli   'dev' ]
2 info using npm@4.0.3
3 info using node@v6.10.3
4 verbose run-script [ 'predev', 'dev', 'postdev' ]
5 info lifecycle hgtdvs@1.0.0~predev: hgtdvs@1.0.0
6 silly lifecycle hgtdvs@1.0.0~predev: no script for predev, continuing
7 info lifecycle hgtdvs@1.0.0~dev: hgtdvs@1.0.0
8 verbose lifecycle hgtdvs@1.0.0~dev: unsafe-perm in lifecycle true
9 verbose lifecycle hgtdvs@1.0.0~dev: PATH: C:\Users\exialym\AppData\Roaming\npm\node_modules\npm\bin\node-gyp-bin;E:\Git\HGTDVS\node_modules\.bin;C:\ProgramData\Oracle\Java\javapath;C:\Program Files (x86)\Intel\iCLS Client\;C:\Program Files\Intel\iCLS Client\;C:\WINDOWS\system32;C:\WINDOWS;C:\WINDOWS\System32\Wbem;C:\WINDOWS\System32\WindowsPowerShell\v1.0\;C:\Program Files (x86)\Windows Live\Shared;C:\Program Files (x86)\Intel\OpenCL SDK\3.0\bin\x86;C:\Program Files (x86)\Intel\OpenCL SDK\3.0\bin\x64;C:\Program Files (x86)\IVI Foundation\IVI\bin;C:\Program Files\IVI Foundation\IVI\bin;C:\Program Files (x86)\IVI Foundation\VISA\WinNT\Bin\;C:\Program Files\IVI Foundation\VISA\Win64\Bin\;C:\Program Files (x86)\IVI Foundation\VISA\WinNT\Bin;%QUARTUS_ROOTDIR%\bin;C:\program files (x86)\common files\apple\apple application support\;C:\Program Files\Intel\Intel(R) Management Engine Components\DAL;C:\Program Files\Intel\Intel(R) Management Engine Components\IPT;C:\Program Files (x86)\Intel\Intel(R) Management Engine Components\DAL;C:\Program Files (x86)\Intel\Intel(R) Management Engine Components\IPT;C:\Program Files (x86)\MacType;C:\Program Files\Microsoft SQL Server\110\Tools\Binn\;C:\Program Files (x86)\NVIDIA Corporation\PhysX\Common;C:\WINDOWS\system32;C:\WINDOWS;C:\WINDOWS\System32\Wbem;C:\WINDOWS\System32\WindowsPowerShell\v1.0\;C:\Program Files\MySQL\mysql-5.7.9-winx64;C:\Program Files\MySQL\mysql-5.7.9-winx64\bin;C:\Program Files\apache-tomcat-7.0.65\bin;C:\Program Files\MongoDB\Server\3.2\bin;C:\Program Files\TortoiseSVN\bin;C:\Program Files\curl-7.48.0\bin;C:\Ruby22-x64\bin\cacert.pem;C:\Program Files (x86)\Microsoft SQL Server\100\Tools\Binn\;C:\Program Files\Microsoft SQL Server\100\Tools\Binn\;C:\Program Files\Microsoft SQL Server\100\DTS\Binn\;C:\Program Files (x86)\Microsoft SQL Server\100\Tools\Binn\VSShell\Common7\IDE\;C:\Program Files (x86)\Microsoft Visual Studio 9.0\Common7\IDE\PrivateAssemblies\;C:\Program Files (x86)\Microsoft SQL Server\100\DTS\Binn\;C:\Program Files\nodejs\;C:\Users\exialym\AppData\Local\Programs\Python\Python35\Scripts\;C:\Users\exialym\AppData\Local\Programs\Python\Python35\;C:\RailsInstaller\Ruby1.9.3\bin;C:\RailsInstaller\Git\cmd;C:\RailsInstaller\Ruby2.2.0\bin;C:\Ruby22-x64\bin;C:\Program Files\Java\jdk1.8.0_101\bin;C:\Users\exialym\AppData\Local\Android\sdk\platform-tools;C:\Program Files\apache-maven-3.3.9\bin;C:\Program Files\MySQL\mysql-5.7.9-winx64;C:\Ruby22-x64\bin\cacert.pem;C:\Users\exialym\AppData\Local\Microsoft\WindowsApps;C:\Users\exialym\AppData\Roaming\npm
10 verbose lifecycle hgtdvs@1.0.0~dev: CWD: E:\Git\HGTDVS
11 silly lifecycle hgtdvs@1.0.0~dev: Args: [ '/d /s /c',
11 silly lifecycle   'webpack-dev-server --inline --history-api-fallback --host 0.0.0.0' ]
12 silly lifecycle hgtdvs@1.0.0~dev: Returned: code: 3221225786  signal: null
13 info lifecycle hgtdvs@1.0.0~dev: Failed to exec dev script
14 verbose stack Error: hgtdvs@1.0.0 dev: `webpack-dev-server --inline --history-api-fallback --host 0.0.0.0`
14 verbose stack Exit status 3221225786
14 verbose stack     at EventEmitter.<anonymous> (C:\Users\exialym\AppData\Roaming\npm\node_modules\npm\lib\utils\lifecycle.js:279:16)
14 verbose stack     at emitTwo (events.js:106:13)
14 verbose stack     at EventEmitter.emit (events.js:191:7)
14 verbose stack     at ChildProcess.<anonymous> (C:\Users\exialym\AppData\Roaming\npm\node_modules\npm\lib\utils\spawn.js:40:14)
14 verbose stack     at emitTwo (events.js:106:13)
14 verbose stack     at ChildProcess.emit (events.js:191:7)
14 verbose stack     at maybeClose (internal/child_process.js:886:16)
14 verbose stack     at Process.ChildProcess._handle.onexit (internal/child_process.js:226:5)
15 verbose pkgid hgtdvs@1.0.0
16 verbose cwd E:\Git\HGTDVS
17 error Windows_NT 10.0.14393
18 error argv "C:\\Program Files\\nodejs\\node.exe" "C:\\Users\\exialym\\AppData\\Roaming\\npm\\node_modules\\npm\\bin\\npm-cli.js" "run" "dev"
19 error node v6.10.3
20 error npm  v4.0.3
21 error code ELIFECYCLE
22 error hgtdvs@1.0.0 dev: `webpack-dev-server --inline --history-api-fallback --host 0.0.0.0`
22 error Exit status 3221225786
23 error Failed at the hgtdvs@1.0.0 dev script 'webpack-dev-server --inline --history-api-fallback --host 0.0.0.0'.
23 error Make sure you have the latest version of node.js and npm installed.
23 error If you do, this is most likely a problem with the hgtdvs package,
23 error not with npm itself.
23 error Tell the author that this fails on your system:
23 error     webpack-dev-server --inline --history-api-fallback --host 0.0.0.0
23 error You can get information on how to open an issue for this project with:
23 error     npm bugs hgtdvs
23 error Or if that isn't available, you can get their info via:
23 error     npm owner ls hgtdvs
23 error There is likely additional logging output above.
24 verbose exit [ 1, true ]
